<?xml version="1.0" encoding="UTF-8"?>
<!-- Generated by org.testng.reporters.JUnitXMLReporter -->
<testsuite hostname="user-PC" ignored="0" name="FacebookPostTest" tests="2" failures="1" timestamp="03 Oct 2020 16:12:41 GMT" time="174.33" errors="0">
  <testcase name="facebookLogin" time="15.084" classname="com.zestmoney.facebook.FacebookTest"/>
  <testcase name="facebookPost" time="151.424" classname="com.zestmoney.facebook.FacebookTest">
    <failure type="java.lang.AssertionError" message="Login failed expected [true] but found [false]">
      <![CDATA[java.lang.AssertionError: Login failed expected [true] but found [false]
at com.zestmoney.facebook.FacebookTest.facebookPost(FacebookTest.java:38)
... Removed 28 stack frames]]>
    </failure>
  </testcase> <!-- facebookPost -->
</testsuite> <!-- FacebookPostTest -->
