<?xml version="1.0" encoding="UTF-8"?>
<!-- Generated by org.testng.reporters.JUnitXMLReporter -->
<testsuite hostname="user-PC" ignored="0" name="Test" tests="3" failures="0" timestamp="03 Oct 2020 09:37:19 GMT" time="58.57" errors="0">
  <testcase name="getPriceAmazon" time="33.458" classname="com.zestmoney.compare.ComparePriceTest"/>
  <testcase name="getPriceFlipKart" time="17.473" classname="com.zestmoney.compare.ComparePriceTest"/>
  <testcase name="compare" time="0.016" classname="com.zestmoney.compare.ComparePriceTest"/>
</testsuite> <!-- Test -->
