<?xml version="1.0" encoding="UTF-8"?>
<!-- Generated by org.testng.reporters.JUnitXMLReporter -->
<testsuite hostname="LIN25000328" ignored="0" name="ComprePriceTest" tests="3" failures="0" timestamp="18 Oct 2020 09:12:08 GMT" time="35.896" errors="0">
  <testcase name="getPriceAmazon" time="18.032" classname="com.zestmoney.compare.ComparePriceTest"/>
  <testcase name="getPriceFlipKart" time="14.516" classname="com.zestmoney.compare.ComparePriceTest"/>
  <testcase name="compare" time="0.004" classname="com.zestmoney.compare.ComparePriceTest"/>
</testsuite> <!-- ComprePriceTest -->
