<?xml version="1.0" encoding="UTF-8"?>
<!-- Generated by org.testng.reporters.JUnitXMLReporter -->
<testsuite hostname="user-PC" ignored="0" name="ComprePriceTest" tests="3" failures="0" timestamp="03 Oct 2020 16:09:46 GMT" time="108.055" errors="0">
  <testcase name="getPriceAmazon" time="40.429" classname="com.zestmoney.compare.ComparePriceTest"/>
  <testcase name="getPriceFlipKart" time="55.511" classname="com.zestmoney.compare.ComparePriceTest"/>
  <testcase name="compare" time="0.0" classname="com.zestmoney.compare.ComparePriceTest"/>
</testsuite> <!-- ComprePriceTest -->
