<?xml version="1.0" encoding="UTF-8"?>
<!-- Generated by org.testng.reporters.JUnitXMLReporter -->
<testsuite hostname="user-PC" ignored="0" name="Default test" tests="3" failures="0" timestamp="03 Oct 2020 09:34:50 GMT" time="80.009" errors="0">
  <testcase name="getPriceAmazon" time="43.19" classname="com.zestmoney.compare.ComparePriceTest"/>
  <testcase name="getPriceFlipKart" time="22.121" classname="com.zestmoney.compare.ComparePriceTest"/>
  <testcase name="compare" time="0.0" classname="com.zestmoney.compare.ComparePriceTest"/>
</testsuite> <!-- Default test -->
